0 info it worked if it ends with ok
1 verbose cli [ '/usr/bin/node', '/usr/bin/npm', 'install', 'mongogodb' ]
2 info using npm@1.4.28
3 info using node@v0.10.40
4 verbose node symlink /usr/bin/node
5 verbose readDependencies using package.json deps
6 verbose cache add [ 'mongogodb', null ]
7 verbose cache add name=undefined spec="mongogodb" args=["mongogodb",null]
8 verbose parsed url { protocol: null,
8 verbose parsed url   slashes: null,
8 verbose parsed url   auth: null,
8 verbose parsed url   host: null,
8 verbose parsed url   port: null,
8 verbose parsed url   hostname: null,
8 verbose parsed url   hash: null,
8 verbose parsed url   search: null,
8 verbose parsed url   query: null,
8 verbose parsed url   pathname: 'mongogodb',
8 verbose parsed url   path: 'mongogodb',
8 verbose parsed url   href: 'mongogodb' }
9 silly lockFile c7235fbf-mongogodb mongogodb
10 verbose lock mongogodb /home/student/.npm/c7235fbf-mongogodb.lock
11 silly lockFile c7235fbf-mongogodb mongogodb
12 silly lockFile c7235fbf-mongogodb mongogodb
13 verbose addNamed [ 'mongogodb', '' ]
14 verbose addNamed [ null, '*' ]
15 silly lockFile 6d3c9e8b-mongogodb mongogodb@
16 verbose lock mongogodb@ /home/student/.npm/6d3c9e8b-mongogodb.lock
17 silly addNameRange { name: 'mongogodb', range: '*', hasData: false }
18 verbose request where is /mongogodb
19 verbose request registry https://registry.npmjs.org/
20 verbose request id e20c15139c23fc34
21 verbose url raw /mongogodb
22 verbose url resolving [ 'https://registry.npmjs.org/', './mongogodb' ]
23 verbose url resolved https://registry.npmjs.org/mongogodb
24 verbose request where is https://registry.npmjs.org/mongogodb
25 info trying registry request attempt 1 at 15:25:58
26 http GET https://registry.npmjs.org/mongogodb
27 http 404 https://registry.npmjs.org/mongogodb
28 silly registry.get cb [ 404,
28 silly registry.get   { 'content-type': 'application/json',
28 silly registry.get     'cache-control': 'max-age=0',
28 silly registry.get     'content-length': '2',
28 silly registry.get     'accept-ranges': 'bytes',
28 silly registry.get     date: 'Sun, 22 Nov 2015 20:25:59 GMT',
28 silly registry.get     via: '1.1 varnish',
28 silly registry.get     age: '0',
28 silly registry.get     connection: 'keep-alive',
28 silly registry.get     'x-served-by': 'cache-iad2130-IAD',
28 silly registry.get     'x-cache': 'MISS',
28 silly registry.get     'x-cache-hits': '0',
28 silly registry.get     'x-timer': 'S1448223958.955218,VS0,VE396' } ]
29 silly lockFile 6d3c9e8b-mongogodb mongogodb@
30 silly lockFile 6d3c9e8b-mongogodb mongogodb@
31 error 404 Not Found
31 error 404
31 error 404 'mongogodb' is not in the npm registry.
31 error 404 You should bug the author to publish it
31 error 404 It was specified as a dependency of 'sessions'
31 error 404
31 error 404 Note that you can also install from a
31 error 404 tarball, folder, or http url, or git url.
32 error System Linux 3.13.0-67-generic
33 error command "/usr/bin/node" "/usr/bin/npm" "install" "mongogodb"
34 error cwd /home/student/sample/Plannit/plannit_beta
35 error node -v v0.10.40
36 error npm -v 1.4.28
37 error code E404
38 verbose exit [ 1, true ]
