0 info it worked if it ends with ok
1 verbose cli [ '/usr/bin/node', '/usr/bin/npm', 'install' ]
2 info using npm@1.4.28
3 info using node@v0.10.40
4 verbose node symlink /usr/bin/node
5 warn package.json loopback-getting-started@0.0.0 No repository field.
6 verbose readDependencies using package.json deps
7 verbose install where, deps [ '/home/student/cs320/loopback-getting-started',
7 verbose install   [ 'compression',
7 verbose install     'errorhandler',
7 verbose install     'loopback',
7 verbose install     'loopback-boot',
7 verbose install     'loopback-connector-mysql',
7 verbose install     'loopback-datasource-juggler',
7 verbose install     'serve-favicon',
7 verbose install     'loopback-explorer',
7 verbose install     'jshint' ] ]
8 info preinstall loopback-getting-started@0.0.0
9 verbose readDependencies using package.json deps
10 verbose cache add [ 'loopback@^2.5.0', null ]
11 verbose cache add name=undefined spec="loopback@^2.5.0" args=["loopback@^2.5.0",null]
12 verbose parsed url { protocol: null,
12 verbose parsed url   slashes: null,
12 verbose parsed url   auth: null,
12 verbose parsed url   host: null,
12 verbose parsed url   port: null,
12 verbose parsed url   hostname: null,
12 verbose parsed url   hash: null,
12 verbose parsed url   search: null,
12 verbose parsed url   query: null,
12 verbose parsed url   pathname: 'loopback@^2.5.0',
12 verbose parsed url   path: 'loopback@^2.5.0',
12 verbose parsed url   href: 'loopback@^2.5.0' }
13 verbose cache add [ 'errorhandler@^1.1.1', null ]
14 verbose cache add name=undefined spec="errorhandler@^1.1.1" args=["errorhandler@^1.1.1",null]
15 verbose parsed url { protocol: null,
15 verbose parsed url   slashes: null,
15 verbose parsed url   auth: null,
15 verbose parsed url   host: null,
15 verbose parsed url   port: null,
15 verbose parsed url   hostname: null,
15 verbose parsed url   hash: null,
15 verbose parsed url   search: null,
15 verbose parsed url   query: null,
15 verbose parsed url   pathname: 'errorhandler@^1.1.1',
15 verbose parsed url   path: 'errorhandler@^1.1.1',
15 verbose parsed url   href: 'errorhandler@^1.1.1' }
16 verbose cache add [ 'loopback-boot@^2.2.0', null ]
17 verbose cache add name=undefined spec="loopback-boot@^2.2.0" args=["loopback-boot@^2.2.0",null]
18 verbose parsed url { protocol: null,
18 verbose parsed url   slashes: null,
18 verbose parsed url   auth: null,
18 verbose parsed url   host: null,
18 verbose parsed url   port: null,
18 verbose parsed url   hostname: null,
18 verbose parsed url   hash: null,
18 verbose parsed url   search: null,
18 verbose parsed url   query: null,
18 verbose parsed url   pathname: 'loopback-boot@^2.2.0',
18 verbose parsed url   path: 'loopback-boot@^2.2.0',
18 verbose parsed url   href: 'loopback-boot@^2.2.0' }
19 verbose cache add [ 'loopback-connector-mysql@^1.4.7', null ]
20 verbose cache add name=undefined spec="loopback-connector-mysql@^1.4.7" args=["loopback-connector-mysql@^1.4.7",null]
21 verbose parsed url { protocol: null,
21 verbose parsed url   slashes: null,
21 verbose parsed url   auth: null,
21 verbose parsed url   host: null,
21 verbose parsed url   port: null,
21 verbose parsed url   hostname: null,
21 verbose parsed url   hash: null,
21 verbose parsed url   search: null,
21 verbose parsed url   query: null,
21 verbose parsed url   pathname: 'loopback-connector-mysql@^1.4.7',
21 verbose parsed url   path: 'loopback-connector-mysql@^1.4.7',
21 verbose parsed url   href: 'loopback-connector-mysql@^1.4.7' }
22 verbose cache add [ 'loopback-datasource-juggler@^2.7.0', null ]
23 verbose cache add name=undefined spec="loopback-datasource-juggler@^2.7.0" args=["loopback-datasource-juggler@^2.7.0",null]
24 verbose parsed url { protocol: null,
24 verbose parsed url   slashes: null,
24 verbose parsed url   auth: null,
24 verbose parsed url   host: null,
24 verbose parsed url   port: null,
24 verbose parsed url   hostname: null,
24 verbose parsed url   hash: null,
24 verbose parsed url   search: null,
24 verbose parsed url   query: null,
24 verbose parsed url   pathname: 'loopback-datasource-juggler@^2.7.0',
24 verbose parsed url   path: 'loopback-datasource-juggler@^2.7.0',
24 verbose parsed url   href: 'loopback-datasource-juggler@^2.7.0' }
25 verbose cache add [ 'serve-favicon@^2.0.1', null ]
26 verbose cache add name=undefined spec="serve-favicon@^2.0.1" args=["serve-favicon@^2.0.1",null]
27 verbose parsed url { protocol: null,
27 verbose parsed url   slashes: null,
27 verbose parsed url   auth: null,
27 verbose parsed url   host: null,
27 verbose parsed url   port: null,
27 verbose parsed url   hostname: null,
27 verbose parsed url   hash: null,
27 verbose parsed url   search: null,
27 verbose parsed url   query: null,
27 verbose parsed url   pathname: 'serve-favicon@^2.0.1',
27 verbose parsed url   path: 'serve-favicon@^2.0.1',
27 verbose parsed url   href: 'serve-favicon@^2.0.1' }
28 verbose cache add [ 'loopback-explorer@^1.1.0', null ]
29 verbose cache add name=undefined spec="loopback-explorer@^1.1.0" args=["loopback-explorer@^1.1.0",null]
30 verbose parsed url { protocol: null,
30 verbose parsed url   slashes: null,
30 verbose parsed url   auth: null,
30 verbose parsed url   host: null,
30 verbose parsed url   port: null,
30 verbose parsed url   hostname: null,
30 verbose parsed url   hash: null,
30 verbose parsed url   search: null,
30 verbose parsed url   query: null,
30 verbose parsed url   pathname: 'loopback-explorer@^1.1.0',
30 verbose parsed url   path: 'loopback-explorer@^1.1.0',
30 verbose parsed url   href: 'loopback-explorer@^1.1.0' }
31 verbose cache add name="loopback" spec="^2.5.0" args=["loopback","^2.5.0"]
32 verbose parsed url { protocol: null,
32 verbose parsed url   slashes: null,
32 verbose parsed url   auth: null,
32 verbose parsed url   host: null,
32 verbose parsed url   port: null,
32 verbose parsed url   hostname: null,
32 verbose parsed url   hash: null,
32 verbose parsed url   search: null,
32 verbose parsed url   query: null,
32 verbose parsed url   pathname: '^2.5.0',
32 verbose parsed url   path: '^2.5.0',
32 verbose parsed url   href: '^2.5.0' }
33 verbose addNamed [ 'loopback', '^2.5.0' ]
34 verbose addNamed [ null, '>=2.5.0-0 <3.0.0-0' ]
35 verbose cache add name="errorhandler" spec="^1.1.1" args=["errorhandler","^1.1.1"]
36 verbose parsed url { protocol: null,
36 verbose parsed url   slashes: null,
36 verbose parsed url   auth: null,
36 verbose parsed url   host: null,
36 verbose parsed url   port: null,
36 verbose parsed url   hostname: null,
36 verbose parsed url   hash: null,
36 verbose parsed url   search: null,
36 verbose parsed url   query: null,
36 verbose parsed url   pathname: '^1.1.1',
36 verbose parsed url   path: '^1.1.1',
36 verbose parsed url   href: '^1.1.1' }
37 verbose addNamed [ 'errorhandler', '^1.1.1' ]
38 verbose addNamed [ null, '>=1.1.1-0 <2.0.0-0' ]
39 verbose cache add name="loopback-boot" spec="^2.2.0" args=["loopback-boot","^2.2.0"]
40 verbose parsed url { protocol: null,
40 verbose parsed url   slashes: null,
40 verbose parsed url   auth: null,
40 verbose parsed url   host: null,
40 verbose parsed url   port: null,
40 verbose parsed url   hostname: null,
40 verbose parsed url   hash: null,
40 verbose parsed url   search: null,
40 verbose parsed url   query: null,
40 verbose parsed url   pathname: '^2.2.0',
40 verbose parsed url   path: '^2.2.0',
40 verbose parsed url   href: '^2.2.0' }
41 verbose addNamed [ 'loopback-boot', '^2.2.0' ]
42 verbose addNamed [ null, '>=2.2.0-0 <3.0.0-0' ]
43 verbose cache add name="loopback-connector-mysql" spec="^1.4.7" args=["loopback-connector-mysql","^1.4.7"]
44 verbose parsed url { protocol: null,
44 verbose parsed url   slashes: null,
44 verbose parsed url   auth: null,
44 verbose parsed url   host: null,
44 verbose parsed url   port: null,
44 verbose parsed url   hostname: null,
44 verbose parsed url   hash: null,
44 verbose parsed url   search: null,
44 verbose parsed url   query: null,
44 verbose parsed url   pathname: '^1.4.7',
44 verbose parsed url   path: '^1.4.7',
44 verbose parsed url   href: '^1.4.7' }
45 verbose addNamed [ 'loopback-connector-mysql', '^1.4.7' ]
46 verbose addNamed [ null, '>=1.4.7-0 <2.0.0-0' ]
47 verbose cache add name="loopback-datasource-juggler" spec="^2.7.0" args=["loopback-datasource-juggler","^2.7.0"]
48 verbose parsed url { protocol: null,
48 verbose parsed url   slashes: null,
48 verbose parsed url   auth: null,
48 verbose parsed url   host: null,
48 verbose parsed url   port: null,
48 verbose parsed url   hostname: null,
48 verbose parsed url   hash: null,
48 verbose parsed url   search: null,
48 verbose parsed url   query: null,
48 verbose parsed url   pathname: '^2.7.0',
48 verbose parsed url   path: '^2.7.0',
48 verbose parsed url   href: '^2.7.0' }
49 verbose addNamed [ 'loopback-datasource-juggler', '^2.7.0' ]
50 verbose addNamed [ null, '>=2.7.0-0 <3.0.0-0' ]
51 verbose cache add name="serve-favicon" spec="^2.0.1" args=["serve-favicon","^2.0.1"]
52 verbose parsed url { protocol: null,
52 verbose parsed url   slashes: null,
52 verbose parsed url   auth: null,
52 verbose parsed url   host: null,
52 verbose parsed url   port: null,
52 verbose parsed url   hostname: null,
52 verbose parsed url   hash: null,
52 verbose parsed url   search: null,
52 verbose parsed url   query: null,
52 verbose parsed url   pathname: '^2.0.1',
52 verbose parsed url   path: '^2.0.1',
52 verbose parsed url   href: '^2.0.1' }
53 verbose addNamed [ 'serve-favicon', '^2.0.1' ]
54 verbose addNamed [ null, '>=2.0.1-0 <3.0.0-0' ]
55 verbose cache add name="loopback-explorer" spec="^1.1.0" args=["loopback-explorer","^1.1.0"]
56 verbose parsed url { protocol: null,
56 verbose parsed url   slashes: null,
56 verbose parsed url   auth: null,
56 verbose parsed url   host: null,
56 verbose parsed url   port: null,
56 verbose parsed url   hostname: null,
56 verbose parsed url   hash: null,
56 verbose parsed url   search: null,
56 verbose parsed url   query: null,
56 verbose parsed url   pathname: '^1.1.0',
56 verbose parsed url   path: '^1.1.0',
56 verbose parsed url   href: '^1.1.0' }
57 verbose addNamed [ 'loopback-explorer', '^1.1.0' ]
58 verbose addNamed [ null, '>=1.1.0-0 <2.0.0-0' ]
59 verbose cache add [ 'jshint@^2.5.6', null ]
60 verbose cache add name=undefined spec="jshint@^2.5.6" args=["jshint@^2.5.6",null]
61 verbose parsed url { protocol: null,
61 verbose parsed url   slashes: null,
61 verbose parsed url   auth: null,
61 verbose parsed url   host: null,
61 verbose parsed url   port: null,
61 verbose parsed url   hostname: null,
61 verbose parsed url   hash: null,
61 verbose parsed url   search: null,
61 verbose parsed url   query: null,
61 verbose parsed url   pathname: 'jshint@^2.5.6',
61 verbose parsed url   path: 'jshint@^2.5.6',
61 verbose parsed url   href: 'jshint@^2.5.6' }
62 verbose cache add [ 'compression@^1.0.3', null ]
63 verbose cache add name=undefined spec="compression@^1.0.3" args=["compression@^1.0.3",null]
64 verbose parsed url { protocol: null,
64 verbose parsed url   slashes: null,
64 verbose parsed url   auth: null,
64 verbose parsed url   host: null,
64 verbose parsed url   port: null,
64 verbose parsed url   hostname: null,
64 verbose parsed url   hash: null,
64 verbose parsed url   search: null,
64 verbose parsed url   query: null,
64 verbose parsed url   pathname: 'compression@^1.0.3',
64 verbose parsed url   path: 'compression@^1.0.3',
64 verbose parsed url   href: 'compression@^1.0.3' }
65 silly lockFile 317bc7fd-loopback-2-5-0 loopback@^2.5.0
66 verbose lock loopback@^2.5.0 /home/student/.npm/317bc7fd-loopback-2-5-0.lock
67 silly lockFile 40f3549f-errorhandler-1-1-1 errorhandler@^1.1.1
68 verbose lock errorhandler@^1.1.1 /home/student/.npm/40f3549f-errorhandler-1-1-1.lock
69 silly lockFile f8aaac95-loopback-boot-2-2-0 loopback-boot@^2.2.0
70 verbose lock loopback-boot@^2.2.0 /home/student/.npm/f8aaac95-loopback-boot-2-2-0.lock
71 silly lockFile 362c16a1-loopback-connector-mysql-1-4-7 loopback-connector-mysql@^1.4.7
72 verbose lock loopback-connector-mysql@^1.4.7 /home/student/.npm/362c16a1-loopback-connector-mysql-1-4-7.lock
73 silly lockFile 7f9e0c30-oopback-datasource-juggler-2-7-0 loopback-datasource-juggler@^2.7.0
74 verbose lock loopback-datasource-juggler@^2.7.0 /home/student/.npm/7f9e0c30-oopback-datasource-juggler-2-7-0.lock
75 silly lockFile 55737c34-serve-favicon-2-0-1 serve-favicon@^2.0.1
76 verbose lock serve-favicon@^2.0.1 /home/student/.npm/55737c34-serve-favicon-2-0-1.lock
77 silly lockFile d1002ed1-loopback-explorer-1-1-0 loopback-explorer@^1.1.0
78 verbose lock loopback-explorer@^1.1.0 /home/student/.npm/d1002ed1-loopback-explorer-1-1-0.lock
79 verbose cache add name="jshint" spec="^2.5.6" args=["jshint","^2.5.6"]
80 verbose parsed url { protocol: null,
80 verbose parsed url   slashes: null,
80 verbose parsed url   auth: null,
80 verbose parsed url   host: null,
80 verbose parsed url   port: null,
80 verbose parsed url   hostname: null,
80 verbose parsed url   hash: null,
80 verbose parsed url   search: null,
80 verbose parsed url   query: null,
80 verbose parsed url   pathname: '^2.5.6',
80 verbose parsed url   path: '^2.5.6',
80 verbose parsed url   href: '^2.5.6' }
81 verbose addNamed [ 'jshint', '^2.5.6' ]
82 verbose addNamed [ null, '>=2.5.6-0 <3.0.0-0' ]
83 silly lockFile 532a3693-jshint-2-5-6 jshint@^2.5.6
84 verbose lock jshint@^2.5.6 /home/student/.npm/532a3693-jshint-2-5-6.lock
85 verbose cache add name="compression" spec="^1.0.3" args=["compression","^1.0.3"]
86 verbose parsed url { protocol: null,
86 verbose parsed url   slashes: null,
86 verbose parsed url   auth: null,
86 verbose parsed url   host: null,
86 verbose parsed url   port: null,
86 verbose parsed url   hostname: null,
86 verbose parsed url   hash: null,
86 verbose parsed url   search: null,
86 verbose parsed url   query: null,
86 verbose parsed url   pathname: '^1.0.3',
86 verbose parsed url   path: '^1.0.3',
86 verbose parsed url   href: '^1.0.3' }
87 verbose addNamed [ 'compression', '^1.0.3' ]
88 verbose addNamed [ null, '>=1.0.3-0 <2.0.0-0' ]
89 silly lockFile d20bd3e6-compression-1-0-3 compression@^1.0.3
90 verbose lock compression@^1.0.3 /home/student/.npm/d20bd3e6-compression-1-0-3.lock
91 silly addNameRange { name: 'loopback', range: '>=2.5.0-0 <3.0.0-0', hasData: false }
92 silly addNameRange { name: 'loopback-datasource-juggler',
92 silly addNameRange   range: '>=2.7.0-0 <3.0.0-0',
92 silly addNameRange   hasData: false }
93 silly addNameRange { name: 'serve-favicon',
93 silly addNameRange   range: '>=2.0.1-0 <3.0.0-0',
93 silly addNameRange   hasData: false }
94 silly addNameRange { name: 'loopback-explorer',
94 silly addNameRange   range: '>=1.1.0-0 <2.0.0-0',
94 silly addNameRange   hasData: false }
95 silly addNameRange { name: 'jshint', range: '>=2.5.6-0 <3.0.0-0', hasData: false }
96 silly addNameRange { name: 'compression',
96 silly addNameRange   range: '>=1.0.3-0 <2.0.0-0',
96 silly addNameRange   hasData: false }
97 silly addNameRange { name: 'errorhandler',
97 silly addNameRange   range: '>=1.1.1-0 <2.0.0-0',
97 silly addNameRange   hasData: false }
98 silly addNameRange { name: 'loopback-boot',
98 silly addNameRange   range: '>=2.2.0-0 <3.0.0-0',
98 silly addNameRange   hasData: false }
99 silly addNameRange { name: 'loopback-connector-mysql',
99 silly addNameRange   range: '>=1.4.7-0 <2.0.0-0',
99 silly addNameRange   hasData: false }
100 verbose request where is /loopback
101 verbose request registry https://registry.npmjs.org/
102 verbose request id 1d695ebdadadc046
103 verbose url raw /loopback
104 verbose url resolving [ 'https://registry.npmjs.org/', './loopback' ]
105 verbose url resolved https://registry.npmjs.org/loopback
106 verbose request where is https://registry.npmjs.org/loopback
107 info trying registry request attempt 1 at 17:01:51
108 verbose etag "6HD7GA8L7A8M0OBQ7YK7730F5"
109 http GET https://registry.npmjs.org/loopback
110 verbose request where is /loopback-datasource-juggler
111 verbose request registry https://registry.npmjs.org/
112 verbose url raw /loopback-datasource-juggler
113 verbose url resolving [ 'https://registry.npmjs.org/',
113 verbose url resolving   './loopback-datasource-juggler' ]
114 verbose url resolved https://registry.npmjs.org/loopback-datasource-juggler
115 verbose request where is https://registry.npmjs.org/loopback-datasource-juggler
116 info trying registry request attempt 1 at 17:01:52
117 verbose etag "5DL3J2I1DE5TG6FJLNGS6YPSQ"
118 http GET https://registry.npmjs.org/loopback-datasource-juggler
119 verbose request where is /compression
120 verbose request registry https://registry.npmjs.org/
121 verbose url raw /compression
122 verbose url resolving [ 'https://registry.npmjs.org/', './compression' ]
123 verbose url resolved https://registry.npmjs.org/compression
124 verbose request where is https://registry.npmjs.org/compression
125 info trying registry request attempt 1 at 17:01:52
126 verbose etag "8HHP15UYN8O4IEBBQKWKST5QY"
127 http GET https://registry.npmjs.org/compression
128 verbose request where is /loopback-explorer
129 verbose request registry https://registry.npmjs.org/
130 verbose url raw /loopback-explorer
131 verbose url resolving [ 'https://registry.npmjs.org/', './loopback-explorer' ]
132 verbose url resolved https://registry.npmjs.org/loopback-explorer
133 verbose request where is https://registry.npmjs.org/loopback-explorer
134 info trying registry request attempt 1 at 17:01:52
135 verbose etag "IKD92ZKF870V0BRI3VDI8I7A"
136 http GET https://registry.npmjs.org/loopback-explorer
137 verbose request where is /jshint
138 verbose request registry https://registry.npmjs.org/
139 verbose url raw /jshint
140 verbose url resolving [ 'https://registry.npmjs.org/', './jshint' ]
141 verbose url resolved https://registry.npmjs.org/jshint
142 verbose request where is https://registry.npmjs.org/jshint
143 info trying registry request attempt 1 at 17:01:52
144 verbose etag "1FEUSMUEGNZMJTO3LUEPKLAW7"
145 http GET https://registry.npmjs.org/jshint
146 verbose request where is /errorhandler
147 verbose request registry https://registry.npmjs.org/
148 verbose url raw /errorhandler
149 verbose url resolving [ 'https://registry.npmjs.org/', './errorhandler' ]
150 verbose url resolved https://registry.npmjs.org/errorhandler
151 verbose request where is https://registry.npmjs.org/errorhandler
152 info trying registry request attempt 1 at 17:01:52
153 verbose etag "D1HQFR9285UMYVWOCRWHQAND8"
154 http GET https://registry.npmjs.org/errorhandler
155 verbose request where is /loopback-boot
156 verbose request registry https://registry.npmjs.org/
157 verbose url raw /loopback-boot
158 verbose url resolving [ 'https://registry.npmjs.org/', './loopback-boot' ]
159 verbose url resolved https://registry.npmjs.org/loopback-boot
160 verbose request where is https://registry.npmjs.org/loopback-boot
161 info trying registry request attempt 1 at 17:01:52
162 verbose etag "3INMJWDSHND8FWD0N6DJK1SZP"
163 http GET https://registry.npmjs.org/loopback-boot
164 verbose request where is /loopback-connector-mysql
165 verbose request registry https://registry.npmjs.org/
166 verbose url raw /loopback-connector-mysql
167 verbose url resolving [ 'https://registry.npmjs.org/', './loopback-connector-mysql' ]
168 verbose url resolved https://registry.npmjs.org/loopback-connector-mysql
169 verbose request where is https://registry.npmjs.org/loopback-connector-mysql
170 info trying registry request attempt 1 at 17:01:52
171 verbose etag "9PCHOZHC93CJ9YZA0K8KAIAY7"
172 http GET https://registry.npmjs.org/loopback-connector-mysql
173 verbose request where is /serve-favicon
174 verbose request registry https://registry.npmjs.org/
175 verbose url raw /serve-favicon
176 verbose url resolving [ 'https://registry.npmjs.org/', './serve-favicon' ]
177 verbose url resolved https://registry.npmjs.org/serve-favicon
178 verbose request where is https://registry.npmjs.org/serve-favicon
179 info trying registry request attempt 1 at 17:01:52
180 verbose etag "BUG8JZVJYIIRU6UQMSMELUEJS"
181 http GET https://registry.npmjs.org/serve-favicon
182 http 304 https://registry.npmjs.org/compression
183 silly registry.get cb [ 304,
183 silly registry.get   { date: 'Wed, 18 Nov 2015 22:01:52 GMT',
183 silly registry.get     via: '1.1 varnish',
183 silly registry.get     'cache-control': 'max-age=60',
183 silly registry.get     etag: '"8HHP15UYN8O4IEBBQKWKST5QY"',
183 silly registry.get     age: '43',
183 silly registry.get     connection: 'keep-alive',
183 silly registry.get     'x-served-by': 'cache-atl6221-ATL',
183 silly registry.get     'x-cache': 'HIT',
183 silly registry.get     'x-cache-hits': '5',
183 silly registry.get     'x-timer': 'S1447884112.274283,VS0,VE0',
183 silly registry.get     vary: 'Accept' } ]
184 verbose etag https://registry.npmjs.org/compression from cache
185 http 304 https://registry.npmjs.org/errorhandler
186 silly registry.get cb [ 304,
186 silly registry.get   { date: 'Wed, 18 Nov 2015 22:01:52 GMT',
186 silly registry.get     via: '1.1 varnish',
186 silly registry.get     'cache-control': 'max-age=60',
186 silly registry.get     etag: '"D1HQFR9285UMYVWOCRWHQAND8"',
186 silly registry.get     age: '26',
186 silly registry.get     connection: 'keep-alive',
186 silly registry.get     'x-served-by': 'cache-atl6221-ATL',
186 silly registry.get     'x-cache': 'HIT',
186 silly registry.get     'x-cache-hits': '2',
186 silly registry.get     'x-timer': 'S1447884112.309468,VS0,VE0',
186 silly registry.get     vary: 'Accept' } ]
187 verbose etag https://registry.npmjs.org/errorhandler from cache
188 silly addNameRange number 2 { name: 'compression',
188 silly addNameRange   range: '>=1.0.3-0 <2.0.0-0',
188 silly addNameRange   hasData: true }
189 silly addNameRange versions [ 'compression',
189 silly addNameRange   [ '1.0.0',
189 silly addNameRange     '1.0.1',
189 silly addNameRange     '1.0.2',
189 silly addNameRange     '1.0.3',
189 silly addNameRange     '1.0.4',
189 silly addNameRange     '1.0.5',
189 silly addNameRange     '1.0.6',
189 silly addNameRange     '1.0.7',
189 silly addNameRange     '1.0.8',
189 silly addNameRange     '1.0.9',
189 silly addNameRange     '1.0.10',
189 silly addNameRange     '1.0.11',
189 silly addNameRange     '1.1.0',
189 silly addNameRange     '1.1.1',
189 silly addNameRange     '1.1.2',
189 silly addNameRange     '1.2.0',
189 silly addNameRange     '1.2.1',
189 silly addNameRange     '1.2.2',
189 silly addNameRange     '1.3.0',
189 silly addNameRange     '1.3.1',
189 silly addNameRange     '1.4.0',
189 silly addNameRange     '1.4.1',
189 silly addNameRange     '1.4.2',
189 silly addNameRange     '1.4.3',
189 silly addNameRange     '1.4.4',
189 silly addNameRange     '1.5.0',
189 silly addNameRange     '1.5.1',
189 silly addNameRange     '1.5.2',
189 silly addNameRange     '1.6.0' ] ]
190 verbose addNamed [ 'compression', '1.6.0' ]
191 verbose addNamed [ '1.6.0', '1.6.0' ]
192 silly lockFile c8d3f894-compression-1-6-0 compression@1.6.0
193 verbose lock compression@1.6.0 /home/student/.npm/c8d3f894-compression-1-6-0.lock
194 silly addNameRange number 2 { name: 'errorhandler',
194 silly addNameRange   range: '>=1.1.1-0 <2.0.0-0',
194 silly addNameRange   hasData: true }
195 silly addNameRange versions [ 'errorhandler',
195 silly addNameRange   [ '1.0.0',
195 silly addNameRange     '1.0.1',
195 silly addNameRange     '1.0.2',
195 silly addNameRange     '1.1.0',
195 silly addNameRange     '1.1.1',
195 silly addNameRange     '1.2.0',
195 silly addNameRange     '1.2.1',
195 silly addNameRange     '1.2.2',
195 silly addNameRange     '1.2.3',
195 silly addNameRange     '1.3.0',
195 silly addNameRange     '1.3.1',
195 silly addNameRange     '1.2.4',
195 silly addNameRange     '1.3.2',
195 silly addNameRange     '1.3.3',
195 silly addNameRange     '1.3.4',
195 silly addNameRange     '1.3.5',
195 silly addNameRange     '1.3.6',
195 silly addNameRange     '1.4.0',
195 silly addNameRange     '1.4.1',
195 silly addNameRange     '1.4.2' ] ]
196 verbose addNamed [ 'errorhandler', '1.4.2' ]
197 verbose addNamed [ '1.4.2', '1.4.2' ]
198 silly lockFile be6e510e-errorhandler-1-4-2 errorhandler@1.4.2
199 verbose lock errorhandler@1.4.2 /home/student/.npm/be6e510e-errorhandler-1-4-2.lock
200 http 304 https://registry.npmjs.org/loopback-explorer
201 silly registry.get cb [ 304,
201 silly registry.get   { date: 'Wed, 18 Nov 2015 22:01:52 GMT',
201 silly registry.get     via: '1.1 varnish',
201 silly registry.get     'cache-control': 'max-age=60',
201 silly registry.get     etag: '"IKD92ZKF870V0BRI3VDI8I7A"',
201 silly registry.get     age: '0',
201 silly registry.get     connection: 'keep-alive',
201 silly registry.get     'x-served-by': 'cache-atl6226-ATL',
201 silly registry.get     'x-cache': 'HIT',
201 silly registry.get     'x-cache-hits': '1',
201 silly registry.get     'x-timer': 'S1447884112.276513,VS0,VE86',
201 silly registry.get     vary: 'Accept' } ]
202 verbose etag https://registry.npmjs.org/loopback-explorer from cache
203 silly addNameRange number 2 { name: 'loopback-explorer',
203 silly addNameRange   range: '>=1.1.0-0 <2.0.0-0',
203 silly addNameRange   hasData: true }
204 silly addNameRange versions [ 'loopback-explorer',
204 silly addNameRange   [ '1.0.0',
204 silly addNameRange     '1.0.1',
204 silly addNameRange     '1.0.2',
204 silly addNameRange     '1.1.0',
204 silly addNameRange     '1.1.1',
204 silly addNameRange     '1.2.0',
204 silly addNameRange     '1.2.1',
204 silly addNameRange     '1.2.2',
204 silly addNameRange     '1.2.3',
204 silly addNameRange     '1.2.4',
204 silly addNameRange     '1.2.5',
204 silly addNameRange     '1.2.6',
204 silly addNameRange     '1.2.7',
204 silly addNameRange     '1.2.8',
204 silly addNameRange     '1.2.9',
204 silly addNameRange     '1.2.10',
204 silly addNameRange     '1.2.11',
204 silly addNameRange     '1.3.0',
204 silly addNameRange     '1.4.1',
204 silly addNameRange     '1.5.0',
204 silly addNameRange     '1.5.1',
204 silly addNameRange     '1.5.2',
204 silly addNameRange     '1.6.0',
204 silly addNameRange     '1.6.1',
204 silly addNameRange     '1.6.2',
204 silly addNameRange     '1.6.3',
204 silly addNameRange     '1.6.4',
204 silly addNameRange     '1.7.0',
204 silly addNameRange     '1.7.1',
204 silly addNameRange     '1.7.2',
204 silly addNameRange     '1.8.0',
204 silly addNameRange     '2.0.0',
204 silly addNameRange     '2.0.1',
204 silly addNameRange     '2.0.2' ] ]
205 verbose addNamed [ 'loopback-explorer', '1.8.0' ]
206 verbose addNamed [ '1.8.0', '1.8.0' ]
207 silly lockFile e69b8816-loopback-explorer-1-8-0 loopback-explorer@1.8.0
208 verbose lock loopback-explorer@1.8.0 /home/student/.npm/e69b8816-loopback-explorer-1-8-0.lock
209 http 200 https://registry.npmjs.org/jshint
210 silly registry.get cb [ 200,
210 silly registry.get   { server: 'CouchDB/1.5.0 (Erlang OTP/R16B03)',
210 silly registry.get     etag: '"2NM10A09JKZD8D6671KPKN96W"',
210 silly registry.get     'content-type': 'application/json',
210 silly registry.get     'cache-control': 'max-age=60',
210 silly registry.get     'content-length': '105450',
210 silly registry.get     'accept-ranges': 'bytes',
210 silly registry.get     date: 'Wed, 18 Nov 2015 22:01:52 GMT',
210 silly registry.get     via: '1.1 varnish',
210 silly registry.get     age: '8',
210 silly registry.get     connection: 'keep-alive',
210 silly registry.get     'x-served-by': 'cache-atl6234-ATL',
210 silly registry.get     'x-cache': 'HIT',
210 silly registry.get     'x-cache-hits': '1',
210 silly registry.get     'x-timer': 'S1447884112.280269,VS0,VE0',
210 silly registry.get     vary: 'Accept' } ]
211 http 304 https://registry.npmjs.org/loopback-boot
212 silly registry.get cb [ 304,
212 silly registry.get   { date: 'Wed, 18 Nov 2015 22:01:52 GMT',
212 silly registry.get     via: '1.1 varnish',
212 silly registry.get     'cache-control': 'max-age=60',
212 silly registry.get     etag: '"3INMJWDSHND8FWD0N6DJK1SZP"',
212 silly registry.get     age: '0',
212 silly registry.get     connection: 'keep-alive',
212 silly registry.get     'x-served-by': 'cache-atl6221-ATL',
212 silly registry.get     'x-cache': 'HIT',
212 silly registry.get     'x-cache-hits': '1',
212 silly registry.get     'x-timer': 'S1447884112.345293,VS0,VE26',
212 silly registry.get     vary: 'Accept' } ]
213 verbose etag https://registry.npmjs.org/loopback-boot from cache
214 silly addNameRange number 2 { name: 'jshint', range: '>=2.5.6-0 <3.0.0-0', hasData: true }
215 silly addNameRange versions [ 'jshint',
215 silly addNameRange   [ '0.1.8',
215 silly addNameRange     '0.1.9',
215 silly addNameRange     '0.2.0',
215 silly addNameRange     '0.2.1',
215 silly addNameRange     '0.2.2',
215 silly addNameRange     '0.2.3',
215 silly addNameRange     '0.3.0',
215 silly addNameRange     '0.3.1',
215 silly addNameRange     '0.4.0',
215 silly addNameRange     '0.5.0',
215 silly addNameRange     '0.5.1',
215 silly addNameRange     '0.5.2',
215 silly addNameRange     '0.5.3',
215 silly addNameRange     '0.5.4',
215 silly addNameRange     '0.5.5',
215 silly addNameRange     '0.5.6',
215 silly addNameRange     '0.5.7',
215 silly addNameRange     '0.5.8',
215 silly addNameRange     '0.5.9',
215 silly addNameRange     '0.6.0',
215 silly addNameRange     '0.6.1',
215 silly addNameRange     '0.6.2',
215 silly addNameRange     '0.6.3',
215 silly addNameRange     '0.7.0',
215 silly addNameRange     '0.7.1',
215 silly addNameRange     '0.7.2',
215 silly addNameRange     '0.7.3',
215 silly addNameRange     '0.8.0',
215 silly addNameRange     '0.8.1',
215 silly addNameRange     '0.8.2',
215 silly addNameRange     '0.9.0',
215 silly addNameRange     '0.9.1',
215 silly addNameRange     '1.0.0',
215 silly addNameRange     '1.1.0',
215 silly addNameRange     '2.0.0',
215 silly addNameRange     '2.0.1',
215 silly addNameRange     '2.1.0',
215 silly addNameRange     '2.1.1',
215 silly addNameRange     '2.1.2',
215 silly addNameRange     '2.1.3',
215 silly addNameRange     '2.1.4',
215 silly addNameRange     '2.1.5',
215 silly addNameRange     '2.1.6',
215 silly addNameRange     '2.1.7',
215 silly addNameRange     '2.1.8',
215 silly addNameRange     '2.1.9',
215 silly addNameRange     '2.1.10',
215 silly addNameRange     '2.1.11',
215 silly addNameRange     '2.2.0',
215 silly addNameRange     '2.3.0',
215 silly addNameRange     '2.4.0',
215 silly addNameRange     '2.4.1',
215 silly addNameRange     '2.4.2',
215 silly addNameRange     '2.4.3',
215 silly addNameRange     '2.4.4',
215 silly addNameRange     '2.5.0',
215 silly addNameRange     '2.5.1',
215 silly addNameRange     '2.5.2',
215 silly addNameRange     '2.5.3',
215 silly addNameRange     '2.5.4',
215 silly addNameRange     '2.5.5',
215 silly addNameRange     '2.5.6',
215 silly addNameRange     '2.5.7',
215 silly addNameRange     '2.5.8',
215 silly addNameRange     '2.5.9',
215 silly addNameRange     '2.5.10',
215 silly addNameRange     '2.5.11',
215 silly addNameRange     '2.6.0',
215 silly addNameRange     '2.6.1',
215 silly addNameRange     '2.6.2',
215 silly addNameRange     '2.6.3',
215 silly addNameRange     '2.7.0',
215 silly addNameRange     '2.8.0',
215 silly addNameRange     '2.9.1-rc1' ] ]
216 verbose addNamed [ 'jshint', '2.9.1-rc1' ]
217 verbose addNamed [ '2.9.1-rc1', '2.9.1-rc1' ]
218 silly lockFile 8b42aeab-jshint-2-9-1-rc1 jshint@2.9.1-rc1
219 verbose lock jshint@2.9.1-rc1 /home/student/.npm/8b42aeab-jshint-2-9-1-rc1.lock
220 silly addNameRange number 2 { name: 'loopback-boot',
220 silly addNameRange   range: '>=2.2.0-0 <3.0.0-0',
220 silly addNameRange   hasData: true }
221 silly addNameRange versions [ 'loopback-boot',
221 silly addNameRange   [ '1.0.0',
221 silly addNameRange     '1.1.0',
221 silly addNameRange     '2.0.0-beta1',
221 silly addNameRange     '2.0.0-beta2',
221 silly addNameRange     '1.1.1',
221 silly addNameRange     '2.0.0-beta3',
221 silly addNameRange     '2.0.0',
221 silly addNameRange     '2.1.0',
221 silly addNameRange     '2.2.0',
221 silly addNameRange     '2.3.0',
221 silly addNameRange     '2.3.1',
221 silly addNameRange     '2.4.0',
221 silly addNameRange     '2.5.0',
221 silly addNameRange     '2.5.1',
221 silly addNameRange     '2.5.2',
221 silly addNameRange     '2.6.0',
221 silly addNameRange     '2.6.1',
221 silly addNameRange     '2.6.2',
221 silly addNameRange     '1.1.2',
221 silly addNameRange     '2.6.3',
221 silly addNameRange     '2.6.4',
221 silly addNameRange     '2.6.5',
221 silly addNameRange     '2.7.0',
221 silly addNameRange     '2.7.1',
221 silly addNameRange     '2.8.0',
221 silly addNameRange     '2.8.1',
221 silly addNameRange     '2.8.2',
221 silly addNameRange     '2.9.0',
221 silly addNameRange     '2.10.0',
221 silly addNameRange     '2.11.0',
221 silly addNameRange     '2.12.0',
221 silly addNameRange     '2.12.1',
221 silly addNameRange     '2.12.2',
221 silly addNameRange     '2.13.0',
221 silly addNameRange     '2.14.0' ] ]
222 verbose addNamed [ 'loopback-boot', '2.14.0' ]
223 verbose addNamed [ '2.14.0', '2.14.0' ]
224 silly lockFile 9de78cff-loopback-boot-2-14-0 loopback-boot@2.14.0
225 verbose lock loopback-boot@2.14.0 /home/student/.npm/9de78cff-loopback-boot-2-14-0.lock
226 silly lockFile c8d3f894-compression-1-6-0 compression@1.6.0
227 silly lockFile c8d3f894-compression-1-6-0 compression@1.6.0
228 http 200 https://registry.npmjs.org/serve-favicon
229 silly registry.get cb [ 200,
229 silly registry.get   { server: 'CouchDB/1.5.0 (Erlang OTP/R16B03)',
229 silly registry.get     etag: '"AJFVGAOEV821TGXF9D4K4YGIS"',
229 silly registry.get     'content-type': 'application/json',
229 silly registry.get     'cache-control': 'max-age=60',
229 silly registry.get     'content-length': '24085',
229 silly registry.get     'accept-ranges': 'bytes',
229 silly registry.get     date: 'Wed, 18 Nov 2015 22:01:52 GMT',
229 silly registry.get     via: '1.1 varnish',
229 silly registry.get     age: '1',
229 silly registry.get     connection: 'keep-alive',
229 silly registry.get     'x-served-by': 'cache-atl6234-ATL',
229 silly registry.get     'x-cache': 'HIT',
229 silly registry.get     'x-cache-hits': '1',
229 silly registry.get     'x-timer': 'S1447884112.423222,VS0,VE0',
229 silly registry.get     vary: 'Accept' } ]
230 silly lockFile d20bd3e6-compression-1-0-3 compression@^1.0.3
231 silly lockFile d20bd3e6-compression-1-0-3 compression@^1.0.3
232 silly lockFile be6e510e-errorhandler-1-4-2 errorhandler@1.4.2
233 silly lockFile be6e510e-errorhandler-1-4-2 errorhandler@1.4.2
234 silly lockFile 40f3549f-errorhandler-1-1-1 errorhandler@^1.1.1
235 silly lockFile 40f3549f-errorhandler-1-1-1 errorhandler@^1.1.1
236 silly lockFile e69b8816-loopback-explorer-1-8-0 loopback-explorer@1.8.0
237 silly lockFile e69b8816-loopback-explorer-1-8-0 loopback-explorer@1.8.0
238 silly lockFile d1002ed1-loopback-explorer-1-1-0 loopback-explorer@^1.1.0
239 silly lockFile d1002ed1-loopback-explorer-1-1-0 loopback-explorer@^1.1.0
240 silly addNameRange number 2 { name: 'serve-favicon',
240 silly addNameRange   range: '>=2.0.1-0 <3.0.0-0',
240 silly addNameRange   hasData: true }
241 silly addNameRange versions [ 'serve-favicon',
241 silly addNameRange   [ '2.0.0',
241 silly addNameRange     '2.0.1',
241 silly addNameRange     '2.1.0',
241 silly addNameRange     '2.1.1',
241 silly addNameRange     '2.1.2',
241 silly addNameRange     '2.1.3',
241 silly addNameRange     '2.1.4',
241 silly addNameRange     '2.1.5',
241 silly addNameRange     '2.1.6',
241 silly addNameRange     '2.1.7',
241 silly addNameRange     '2.2.0',
241 silly addNameRange     '2.2.1',
241 silly addNameRange     '2.3.0' ] ]
242 verbose addNamed [ 'serve-favicon', '2.3.0' ]
243 verbose addNamed [ '2.3.0', '2.3.0' ]
244 silly lockFile d210d889-serve-favicon-2-3-0 serve-favicon@2.3.0
245 verbose lock serve-favicon@2.3.0 /home/student/.npm/d210d889-serve-favicon-2-3-0.lock
246 http 304 https://registry.npmjs.org/loopback-connector-mysql
247 silly registry.get cb [ 304,
247 silly registry.get   { date: 'Wed, 18 Nov 2015 22:01:52 GMT',
247 silly registry.get     via: '1.1 varnish',
247 silly registry.get     'cache-control': 'max-age=60',
247 silly registry.get     etag: '"9PCHOZHC93CJ9YZA0K8KAIAY7"',
247 silly registry.get     age: '0',
247 silly registry.get     connection: 'keep-alive',
247 silly registry.get     'x-served-by': 'cache-atl6226-ATL',
247 silly registry.get     'x-cache': 'MISS',
247 silly registry.get     'x-cache-hits': '0',
247 silly registry.get     'x-timer': 'S1447884112.391946,VS0,VE85',
247 silly registry.get     vary: 'Accept' } ]
248 verbose etag https://registry.npmjs.org/loopback-connector-mysql from cache
249 http 200 https://registry.npmjs.org/loopback
250 silly registry.get cb [ 200,
250 silly registry.get   { server: 'CouchDB/1.5.0 (Erlang OTP/R16B03)',
250 silly registry.get     etag: '"BKOSK4XDJA1CJNXMG4XMFSP4X"',
250 silly registry.get     'content-type': 'application/json',
250 silly registry.get     'cache-control': 'max-age=60',
250 silly registry.get     'content-length': '239765',
250 silly registry.get     'accept-ranges': 'bytes',
250 silly registry.get     date: 'Wed, 18 Nov 2015 22:01:52 GMT',
250 silly registry.get     via: '1.1 varnish',
250 silly registry.get     age: '0',
250 silly registry.get     connection: 'keep-alive',
250 silly registry.get     'x-served-by': 'cache-atl6226-ATL',
250 silly registry.get     'x-cache': 'HIT',
250 silly registry.get     'x-cache-hits': '1',
250 silly registry.get     'x-timer': 'S1447884112.277916,VS0,VE96',
250 silly registry.get     vary: 'Accept' } ]
251 http 200 https://registry.npmjs.org/loopback-datasource-juggler
252 silly registry.get cb [ 200,
252 silly registry.get   { server: 'CouchDB/1.5.0 (Erlang OTP/R16B03)',
252 silly registry.get     etag: '"3G8EW40B7BCI88HK80VF17FWN"',
252 silly registry.get     'content-type': 'application/json',
252 silly registry.get     'cache-control': 'max-age=60',
252 silly registry.get     'content-length': '185782',
252 silly registry.get     'accept-ranges': 'bytes',
252 silly registry.get     date: 'Wed, 18 Nov 2015 22:01:52 GMT',
252 silly registry.get     via: '1.1 varnish',
252 silly registry.get     age: '0',
252 silly registry.get     connection: 'keep-alive',
252 silly registry.get     'x-served-by': 'cache-atl6226-ATL',
252 silly registry.get     'x-cache': 'HIT',
252 silly registry.get     'x-cache-hits': '1',
252 silly registry.get     'x-timer': 'S1447884112.279906,VS0,VE95',
252 silly registry.get     vary: 'Accept' } ]
253 silly lockFile 8b42aeab-jshint-2-9-1-rc1 jshint@2.9.1-rc1
254 silly lockFile 8b42aeab-jshint-2-9-1-rc1 jshint@2.9.1-rc1
255 silly lockFile 532a3693-jshint-2-5-6 jshint@^2.5.6
256 silly lockFile 532a3693-jshint-2-5-6 jshint@^2.5.6
257 silly lockFile d210d889-serve-favicon-2-3-0 serve-favicon@2.3.0
258 silly lockFile d210d889-serve-favicon-2-3-0 serve-favicon@2.3.0
259 silly addNameRange number 2 { name: 'loopback-connector-mysql',
259 silly addNameRange   range: '>=1.4.7-0 <2.0.0-0',
259 silly addNameRange   hasData: true }
260 silly addNameRange versions [ 'loopback-connector-mysql',
260 silly addNameRange   [ '1.0.0',
260 silly addNameRange     '1.0.1',
260 silly addNameRange     '1.0.2',
260 silly addNameRange     '1.1.0',
260 silly addNameRange     '1.1.1',
260 silly addNameRange     '1.2.0',
260 silly addNameRange     '1.2.1',
260 silly addNameRange     '1.2.2',
260 silly addNameRange     '1.2.3',
260 silly addNameRange     '1.3.0',
260 silly addNameRange     '1.4.0',
260 silly addNameRange     '1.4.1',
260 silly addNameRange     '1.4.2',
260 silly addNameRange     '1.4.3',
260 silly addNameRange     '1.4.4',
260 silly addNameRange     '1.4.5',
260 silly addNameRange     '1.4.6',
260 silly addNameRange     '1.4.7',
260 silly addNameRange     '1.4.8',
260 silly addNameRange     '1.4.9',
260 silly addNameRange     '1.5.0',
260 silly addNameRange     '1.5.1',
260 silly addNameRange     '1.6.0',
260 silly addNameRange     '1.7.0',
260 silly addNameRange     '2.0.0',
260 silly addNameRange     '2.0.1',
260 silly addNameRange     '2.1.0',
260 silly addNameRange     '2.1.1',
260 silly addNameRange     '2.2.0' ] ]
261 verbose addNamed [ 'loopback-connector-mysql', '1.7.0' ]
262 verbose addNamed [ '1.7.0', '1.7.0' ]
263 silly lockFile f2fbf232-loopback-connector-mysql-1-7-0 loopback-connector-mysql@1.7.0
264 verbose lock loopback-connector-mysql@1.7.0 /home/student/.npm/f2fbf232-loopback-connector-mysql-1-7-0.lock
265 silly lockFile 55737c34-serve-favicon-2-0-1 serve-favicon@^2.0.1
266 silly lockFile 55737c34-serve-favicon-2-0-1 serve-favicon@^2.0.1
267 silly lockFile 9de78cff-loopback-boot-2-14-0 loopback-boot@2.14.0
268 silly lockFile 9de78cff-loopback-boot-2-14-0 loopback-boot@2.14.0
269 silly addNameRange number 2 { name: 'loopback', range: '>=2.5.0-0 <3.0.0-0', hasData: true }
270 silly addNameRange versions [ 'loopback',
270 silly addNameRange   [ '1.0.0',
270 silly addNameRange     '1.1.0',
270 silly addNameRange     '1.2.0',
270 silly addNameRange     '1.2.1',
270 silly addNameRange     '1.3.0',
270 silly addNameRange     '1.3.1',
270 silly addNameRange     '1.3.2',
270 silly addNameRange     '1.3.3',
270 silly addNameRange     '1.3.4',
270 silly addNameRange     '1.4.0',
270 silly addNameRange     '1.4.1',
270 silly addNameRange     '1.4.2',
270 silly addNameRange     '1.4.3',
270 silly addNameRange     '1.5.0',
270 silly addNameRange     '1.5.1',
270 silly addNameRange     '1.5.2',
270 silly addNameRange     '1.5.3',
270 silly addNameRange     '1.6.0',
270 silly addNameRange     '1.6.1',
270 silly addNameRange     '1.6.2',
270 silly addNameRange     '1.7.0',
270 silly addNameRange     '1.7.1',
270 silly addNameRange     '1.7.2',
270 silly addNameRange     '1.7.3',
270 silly addNameRange     '1.7.4',
270 silly addNameRange     '1.7.5',
270 silly addNameRange     '1.7.6',
270 silly addNameRange     '1.7.7',
270 silly addNameRange     '1.8.0',
270 silly addNameRange     '1.8.1',
270 silly addNameRange     '1.8.2',
270 silly addNameRange     '1.8.3',
270 silly addNameRange     '1.8.4',
270 silly addNameRange     '1.8.5',
270 silly addNameRange     '2.0.0-beta1',
270 silly addNameRange     '2.0.0-beta2',
270 silly addNameRange     '2.0.0-beta3',
270 silly addNameRange     '1.8.6',
270 silly addNameRange     '1.8.8',
270 silly addNameRange     '1.9.0',
270 silly addNameRange     '2.0.0-beta4',
270 silly addNameRange     '1.9.1',
270 silly addNameRange     '2.0.0-beta5',
270 silly addNameRange     '2.0.0-beta6',
270 silly addNameRange     '2.0.0-beta7',
270 silly addNameRange     '1.10.0',
270 silly addNameRange     '2.0.0',
270 silly addNameRange     '2.0.1',
270 silly addNameRange     '2.0.2',
270 silly addNameRange     '2.1.0',
270 silly addNameRange     '2.1.1',
270 silly addNameRange     '2.1.2',
270 silly addNameRange     '2.1.3',
270 silly addNameRange     '2.1.4',
270 silly addNameRange     '2.2.0',
270 silly addNameRange     '2.3.0',
270 silly addNameRange     '2.3.1',
270 silly addNameRange     '2.4.0',
270 silly addNameRange     '2.4.1',
270 silly addNameRange     '2.5.0',
270 silly addNameRange     '2.6.0',
270 silly addNameRange     '2.7.0',
270 silly addNameRange     '2.8.0',
270 silly addNameRange     '2.8.1',
270 silly addNameRange     '2.8.2',
270 silly addNameRange     '2.8.3',
270 silly addNameRange     '2.8.4',
270 silly addNameRange     '2.8.5',
270 silly addNameRange     '2.8.6',
270 silly addNameRange     '2.8.7',
270 silly addNameRange     '2.8.8',
270 silly addNameRange     '2.9.0',
270 silly addNameRange     '2.10.0',
270 silly addNameRange     '2.10.1',
270 silly addNameRange     '2.10.2',
270 silly addNameRange     '2.11.0',
270 silly addNameRange     '2.12.0',
270 silly addNameRange     '2.12.1',
270 silly addNameRange     '2.13.0',
270 silly addNameRange     '2.14.0',
270 silly addNameRange     '2.15.0',
270 silly addNameRange     '2.16.0',
270 silly addNameRange     '2.16.1',
270 silly addNameRange     '2.16.3',
270 silly addNameRange     '2.17.0',
270 silly addNameRange     '2.17.1',
270 silly addNameRange     '2.17.2',
270 silly addNameRange     '2.17.3',
270 silly addNameRange     '2.18.0',
270 silly addNameRange     '2.19.0',
270 silly addNameRange     '2.19.1',
270 silly addNameRange     '2.20.0',
270 silly addNameRange     '2.21.0',
270 silly addNameRange     '2.22.0',
270 silly addNameRange     '2.22.1',
270 silly addNameRange     '2.22.2',
270 silly addNameRange     '2.23.0',
270 silly addNameRange     '2.25.0' ] ]
271 verbose addNamed [ 'loopback', '2.25.0' ]
272 verbose addNamed [ '2.25.0', '2.25.0' ]
273 silly lockFile eff0c79b-loopback-2-25-0 loopback@2.25.0
274 verbose lock loopback@2.25.0 /home/student/.npm/eff0c79b-loopback-2-25-0.lock
275 silly addNameRange number 2 { name: 'loopback-datasource-juggler',
275 silly addNameRange   range: '>=2.7.0-0 <3.0.0-0',
275 silly addNameRange   hasData: true }
276 silly addNameRange versions [ 'loopback-datasource-juggler',
276 silly addNameRange   [ '1.0.0',
276 silly addNameRange     '1.1.0',
276 silly addNameRange     '1.2.0',
276 silly addNameRange     '1.2.2',
276 silly addNameRange     '1.2.3',
276 silly addNameRange     '1.2.4',
276 silly addNameRange     '1.2.5',
276 silly addNameRange     '1.2.6',
276 silly addNameRange     '1.2.7',
276 silly addNameRange     '1.2.8',
276 silly addNameRange     '1.2.9',
276 silly addNameRange     '1.2.10',
276 silly addNameRange     '1.2.11',
276 silly addNameRange     '1.2.12',
276 silly addNameRange     '1.2.13',
276 silly addNameRange     '1.3.1',
276 silly addNameRange     '1.3.2',
276 silly addNameRange     '1.3.3',
276 silly addNameRange     '1.3.4',
276 silly addNameRange     '1.3.5',
276 silly addNameRange     '1.3.6',
276 silly addNameRange     '1.3.7',
276 silly addNameRange     '1.3.8',
276 silly addNameRange     '1.3.9',
276 silly addNameRange     '1.3.10',
276 silly addNameRange     '1.3.11',
276 silly addNameRange     '1.3.12',
276 silly addNameRange     '1.3.13',
276 silly addNameRange     '1.4.0',
276 silly addNameRange     '1.5.0',
276 silly addNameRange     '1.5.1',
276 silly addNameRange     '1.5.2',
276 silly addNameRange     '2.0.0-beta1',
276 silly addNameRange     '1.5.4',
276 silly addNameRange     '1.5.5',
276 silly addNameRange     '1.6.1',
276 silly addNameRange     '2.0.0-beta2',
276 silly addNameRange     '1.6.2',
276 silly addNameRange     '1.6.3',
276 silly addNameRange     '1.7.0',
276 silly addNameRange     '2.0.0-beta3',
276 silly addNameRange     '2.0.0-beta4',
276 silly addNameRange     '1.7.1',
276 silly addNameRange     '2.0.0-beta5',
276 silly addNameRange     '2.0.0',
276 silly addNameRange     '2.1.1',
276 silly addNameRange     '2.2.1',
276 silly addNameRange     '2.2.2',
276 silly addNameRange     '2.3.0',
276 silly addNameRange     '2.3.1',
276 silly addNameRange     '2.4.0',
276 silly addNameRange     '2.4.1',
276 silly addNameRange     '2.4.2',
276 silly addNameRange     '2.5.0',
276 silly addNameRange     '2.5.1',
276 silly addNameRange     '2.5.2',
276 silly addNameRange     '2.6.1',
276 silly addNameRange     '2.7.0',
276 silly addNameRange     '2.8.0',
276 silly addNameRange     '2.9.0',
276 silly addNameRange     '2.10.0',
276 silly addNameRange     '2.10.1',
276 silly addNameRange     '2.10.2',
276 silly addNameRange     '2.10.3',
276 silly addNameRange     '2.11.0',
276 silly addNameRange     '2.12.0',
276 silly addNameRange     '2.13.0',
276 silly addNameRange     '2.14.0',
276 silly addNameRange     '2.14.1',
276 silly addNameRange     '2.15.0',
276 silly addNameRange     '2.16.0',
276 silly addNameRange     '2.17.0',
276 silly addNameRange     '2.18.0',
276 silly addNameRange     '2.18.1',
276 silly addNameRange     '2.19.0',
276 silly addNameRange     '2.19.1',
276 silly addNameRange     '2.19.2',
276 silly addNameRange     '2.20.0',
276 silly addNameRange     '2.21.0',
276 silly addNameRange     '2.22.0',
276 silly addNameRange     '2.23.0',
276 silly addNameRange     '2.24.0',
276 silly addNameRange     '2.25.0',
276 silly addNameRange     '2.25.1',
276 silly addNameRange     '2.26.0',
276 silly addNameRange     '2.26.1',
276 silly addNameRange     '2.26.2',
276 silly addNameRange     '2.26.3',
276 silly addNameRange     '2.26.4',
276 silly addNameRange     '2.27.0',
276 silly addNameRange     '2.27.1',
276 silly addNameRange     '2.28.0',
276 silly addNameRange     '2.28.1',
276 silly addNameRange     '2.29.0',
276 silly addNameRange     '2.29.1',
276 silly addNameRange     '2.29.2',
276 silly addNameRange     '2.30.0',
276 silly addNameRange     '2.30.1',
276 silly addNameRange     '2.31.0',
276 silly addNameRange     '2.31.1',
276 silly addNameRange     '2.32.0',
276 silly addNameRange     '2.33.0',
276 silly addNameRange     '2.33.1',
276 silly addNameRange     '2.33.2',
276 silly addNameRange     '2.33.3',
276 silly addNameRange     '2.34.0',
276 silly addNameRange     '2.35.0',
276 silly addNameRange     '2.35.1',
276 silly addNameRange     '2.35.2',
276 silly addNameRange     '2.35.3',
276 silly addNameRange     '2.36.0',
276 silly addNameRange     '2.37.0',
276 silly addNameRange     '2.38.0',
276 silly addNameRange     '2.39.0',
276 silly addNameRange     '2.40.0',
276 silly addNameRange     '2.40.1',
276 silly addNameRange     '2.41.0',
276 silly addNameRange     '2.41.1',
276 silly addNameRange     '2.41.2' ] ]
277 verbose addNamed [ 'loopback-datasource-juggler', '2.41.2' ]
278 verbose addNamed [ '2.41.2', '2.41.2' ]
279 silly lockFile 47b4c60d-opback-datasource-juggler-2-41-2 loopback-datasource-juggler@2.41.2
280 verbose lock loopback-datasource-juggler@2.41.2 /home/student/.npm/47b4c60d-opback-datasource-juggler-2-41-2.lock
281 silly lockFile f8aaac95-loopback-boot-2-2-0 loopback-boot@^2.2.0
282 silly lockFile f8aaac95-loopback-boot-2-2-0 loopback-boot@^2.2.0
283 silly lockFile dab7537f-ck-datasource-juggler-2-41-2-tgz https://registry.npmjs.org/loopback-datasource-juggler/-/loopback-datasource-juggler-2.41.2.tgz
284 verbose lock https://registry.npmjs.org/loopback-datasource-juggler/-/loopback-datasource-juggler-2.41.2.tgz /home/student/.npm/dab7537f-ck-datasource-juggler-2-41-2-tgz.lock
285 verbose addRemoteTarball [ 'https://registry.npmjs.org/loopback-datasource-juggler/-/loopback-datasource-juggler-2.41.2.tgz',
285 verbose addRemoteTarball   'da16131b0680d5f733875254bfa9c3d691fcafa8' ]
286 info retry fetch attempt 1 at 17:01:52
287 verbose fetch to= /tmp/npm-12888-Z5kBqO6g/registry.npmjs.org/loopback-datasource-juggler/-/loopback-datasource-juggler-2.41.2.tgz
288 http GET https://registry.npmjs.org/loopback-datasource-juggler/-/loopback-datasource-juggler-2.41.2.tgz
289 silly lockFile eff0c79b-loopback-2-25-0 loopback@2.25.0
290 silly lockFile eff0c79b-loopback-2-25-0 loopback@2.25.0
291 silly lockFile 317bc7fd-loopback-2-5-0 loopback@^2.5.0
292 silly lockFile 317bc7fd-loopback-2-5-0 loopback@^2.5.0
293 silly lockFile f2fbf232-loopback-connector-mysql-1-7-0 loopback-connector-mysql@1.7.0
294 silly lockFile f2fbf232-loopback-connector-mysql-1-7-0 loopback-connector-mysql@1.7.0
295 silly lockFile 362c16a1-loopback-connector-mysql-1-4-7 loopback-connector-mysql@^1.4.7
296 silly lockFile 362c16a1-loopback-connector-mysql-1-4-7 loopback-connector-mysql@^1.4.7
297 http 200 https://registry.npmjs.org/loopback-datasource-juggler/-/loopback-datasource-juggler-2.41.2.tgz
298 silly lockFile dab7537f-ck-datasource-juggler-2-41-2-tgz https://registry.npmjs.org/loopback-datasource-juggler/-/loopback-datasource-juggler-2.41.2.tgz
299 silly lockFile dab7537f-ck-datasource-juggler-2-41-2-tgz https://registry.npmjs.org/loopback-datasource-juggler/-/loopback-datasource-juggler-2.41.2.tgz
300 silly lockFile 47b4c60d-opback-datasource-juggler-2-41-2 loopback-datasource-juggler@2.41.2
301 silly lockFile 47b4c60d-opback-datasource-juggler-2-41-2 loopback-datasource-juggler@2.41.2
302 silly lockFile 7f9e0c30-oopback-datasource-juggler-2-7-0 loopback-datasource-juggler@^2.7.0
303 silly lockFile 7f9e0c30-oopback-datasource-juggler-2-7-0 loopback-datasource-juggler@^2.7.0
304 error Error: EACCES, mkdir '/home/student/.npm/loopback-datasource-juggler/2.41.2'
304 error  { [Error: EACCES, mkdir '/home/student/.npm/loopback-datasource-juggler/2.41.2']
304 error   errno: 3,
304 error   code: 'EACCES',
304 error   path: '/home/student/.npm/loopback-datasource-juggler/2.41.2',
304 error   parent: 'loopback-getting-started' }
305 error Please try running this command again as root/Administrator.
306 error System Linux 3.13.0-67-generic
307 error command "/usr/bin/node" "/usr/bin/npm" "install"
308 error cwd /home/student/cs320/loopback-getting-started
309 error node -v v0.10.40
310 error npm -v 1.4.28
311 error path /home/student/.npm/loopback-datasource-juggler/2.41.2
312 error code EACCES
313 error errno 3
314 error stack Error: EACCES, mkdir '/home/student/.npm/loopback-datasource-juggler/2.41.2'
315 verbose exit [ 3, true ]
