0 info it worked if it ends with ok
1 verbose cli [ '/usr/bin/node', '/usr/bin/npm', 'install' ]
2 info using npm@1.4.28
3 info using node@v0.10.38
4 verbose node symlink /usr/bin/node
5 verbose readDependencies using package.json deps
6 verbose install where, deps [ '/home/student/team-inspire/code/express',
6 verbose install   [ 'body-parser',
6 verbose install     'connect-flash',
6 verbose install     'cookie-parser',
6 verbose install     'debug',
6 verbose install     'ejs',
6 verbose install     'express',
6 verbose install     'express-session',
6 verbose install     'morgan',
6 verbose install     'serve-favicon',
6 verbose install     'pg',
6 verbose install     'multer' ] ]
7 info preinstall sessions@0.0.0
8 verbose readDependencies using package.json deps
9 verbose already installed skipping express-session@^1.9.0 /home/student/team-inspire/code/express
10 verbose already installed skipping morgan@~1.3.0 /home/student/team-inspire/code/express
11 verbose already installed skipping serve-favicon@~2.1.3 /home/student/team-inspire/code/express
12 verbose cache add [ 'pg@4.x', null ]
13 verbose cache add name=undefined spec="pg@4.x" args=["pg@4.x",null]
14 verbose parsed url { protocol: null,
14 verbose parsed url   slashes: null,
14 verbose parsed url   auth: null,
14 verbose parsed url   host: null,
14 verbose parsed url   port: null,
14 verbose parsed url   hostname: null,
14 verbose parsed url   hash: null,
14 verbose parsed url   search: null,
14 verbose parsed url   query: null,
14 verbose parsed url   pathname: 'pg@4.x',
14 verbose parsed url   path: 'pg@4.x',
14 verbose parsed url   href: 'pg@4.x' }
15 verbose already installed skipping multer@* /home/student/team-inspire/code/express
16 verbose already installed skipping body-parser@~1.8.1 /home/student/team-inspire/code/express
17 verbose cache add name="pg" spec="4.x" args=["pg","4.x"]
18 verbose parsed url { protocol: null,
18 verbose parsed url   slashes: null,
18 verbose parsed url   auth: null,
18 verbose parsed url   host: null,
18 verbose parsed url   port: null,
18 verbose parsed url   hostname: null,
18 verbose parsed url   hash: null,
18 verbose parsed url   search: null,
18 verbose parsed url   query: null,
18 verbose parsed url   pathname: '4.x',
18 verbose parsed url   path: '4.x',
18 verbose parsed url   href: '4.x' }
19 verbose addNamed [ 'pg', '4.x' ]
20 verbose addNamed [ null, '>=4.0.0-0 <5.0.0-0' ]
21 silly lockFile 01fad40b-pg-4-x pg@4.x
22 verbose lock pg@4.x /home/student/.npm/01fad40b-pg-4-x.lock
23 silly addNameRange { name: 'pg', range: '>=4.0.0-0 <5.0.0-0', hasData: false }
24 verbose already installed skipping connect-flash@^0.1.1 /home/student/team-inspire/code/express
25 verbose already installed skipping cookie-parser@~1.3.3 /home/student/team-inspire/code/express
26 verbose already installed skipping debug@~2.0.0 /home/student/team-inspire/code/express
27 verbose request where is /pg
28 verbose request registry https://registry.npmjs.org/
29 verbose request id ae4b2881db18a5c8
30 verbose url raw /pg
31 verbose url resolving [ 'https://registry.npmjs.org/', './pg' ]
32 verbose url resolved https://registry.npmjs.org/pg
33 verbose request where is https://registry.npmjs.org/pg
34 info trying registry request attempt 1 at 19:27:54
35 verbose etag "EMN2LY2MWDT6QW18Z9J9L8YFN"
36 http GET https://registry.npmjs.org/pg
37 verbose already installed skipping ejs@~0.8.5 /home/student/team-inspire/code/express
38 verbose cache add [ 'express@lastest', null ]
39 verbose cache add name=undefined spec="express@lastest" args=["express@lastest",null]
40 verbose parsed url { protocol: null,
40 verbose parsed url   slashes: null,
40 verbose parsed url   auth: null,
40 verbose parsed url   host: null,
40 verbose parsed url   port: null,
40 verbose parsed url   hostname: null,
40 verbose parsed url   hash: null,
40 verbose parsed url   search: null,
40 verbose parsed url   query: null,
40 verbose parsed url   pathname: 'express@lastest',
40 verbose parsed url   path: 'express@lastest',
40 verbose parsed url   href: 'express@lastest' }
41 verbose cache add name="express" spec="lastest" args=["express","lastest"]
42 verbose parsed url { protocol: null,
42 verbose parsed url   slashes: null,
42 verbose parsed url   auth: null,
42 verbose parsed url   host: null,
42 verbose parsed url   port: null,
42 verbose parsed url   hostname: null,
42 verbose parsed url   hash: null,
42 verbose parsed url   search: null,
42 verbose parsed url   query: null,
42 verbose parsed url   pathname: 'lastest',
42 verbose parsed url   path: 'lastest',
42 verbose parsed url   href: 'lastest' }
43 verbose addNamed [ 'express', 'lastest' ]
44 verbose addNamed [ null, null ]
45 silly lockFile 447230c4-express-lastest express@lastest
46 verbose lock express@lastest /home/student/.npm/447230c4-express-lastest.lock
47 info addNameTag [ 'express', 'lastest' ]
48 verbose request where is /express
49 verbose request registry https://registry.npmjs.org/
50 verbose url raw /express
51 verbose url resolving [ 'https://registry.npmjs.org/', './express' ]
52 verbose url resolved https://registry.npmjs.org/express
53 verbose request where is https://registry.npmjs.org/express
54 info trying registry request attempt 1 at 19:27:54
55 verbose etag "CJ7TXBUGOOZE81FS7DPSON22O"
56 http GET https://registry.npmjs.org/express
57 http 304 https://registry.npmjs.org/pg
58 silly registry.get cb [ 304,
58 silly registry.get   { date: 'Fri, 29 May 2015 23:27:55 GMT',
58 silly registry.get     via: '1.1 varnish',
58 silly registry.get     'cache-control': 'max-age=60',
58 silly registry.get     etag: '"EMN2LY2MWDT6QW18Z9J9L8YFN"',
58 silly registry.get     age: '55',
58 silly registry.get     connection: 'keep-alive',
58 silly registry.get     'x-served-by': 'cache-jfk1032-JFK',
58 silly registry.get     'x-cache': 'HIT',
58 silly registry.get     'x-cache-hits': '1',
58 silly registry.get     'x-timer': 'S1432942075.285815,VS0,VE1',
58 silly registry.get     vary: 'Accept' } ]
59 verbose etag https://registry.npmjs.org/pg from cache
60 silly addNameRange number 2 { name: 'pg', range: '>=4.0.0-0 <5.0.0-0', hasData: true }
61 silly addNameRange versions [ 'pg',
61 silly addNameRange   [ '0.4.1',
61 silly addNameRange     '0.5.0',
61 silly addNameRange     '0.5.1',
61 silly addNameRange     '0.5.2',
61 silly addNameRange     '0.5.3',
61 silly addNameRange     '0.5.4',
61 silly addNameRange     '0.5.5',
61 silly addNameRange     '0.5.6',
61 silly addNameRange     '0.5.7',
61 silly addNameRange     '0.5.8',
61 silly addNameRange     '0.6.0',
61 silly addNameRange     '0.6.1',
61 silly addNameRange     '0.6.2',
61 silly addNameRange     '0.6.3',
61 silly addNameRange     '0.6.4',
61 silly addNameRange     '0.6.5',
61 silly addNameRange     '0.6.6',
61 silly addNameRange     '0.6.7',
61 silly addNameRange     '0.6.8',
61 silly addNameRange     '0.6.9',
61 silly addNameRange     '0.6.10',
61 silly addNameRange     '0.6.11',
61 silly addNameRange     '0.6.12',
61 silly addNameRange     '0.6.13',
61 silly addNameRange     '0.6.14',
61 silly addNameRange     '0.6.15',
61 silly addNameRange     '0.6.16',
61 silly addNameRange     '0.6.17',
61 silly addNameRange     '0.6.18',
61 silly addNameRange     '0.7.0',
61 silly addNameRange     '0.7.1',
61 silly addNameRange     '0.7.2',
61 silly addNameRange     '0.8.0',
61 silly addNameRange     '0.8.1',
61 silly addNameRange     '0.8.2',
61 silly addNameRange     '0.8.3',
61 silly addNameRange     '0.8.4',
61 silly addNameRange     '0.8.6',
61 silly addNameRange     '0.8.7',
61 silly addNameRange     '0.8.8',
61 silly addNameRange     '0.9.0',
61 silly addNameRange     '0.10.0',
61 silly addNameRange     '0.10.2',
61 silly addNameRange     '0.11.1',
61 silly addNameRange     '0.11.2',
61 silly addNameRange     '0.11.3',
61 silly addNameRange     '0.12.0',
61 silly addNameRange     '0.12.1',
61 silly addNameRange     '0.12.3',
61 silly addNameRange     '0.13.0',
61 silly addNameRange     '0.13.1',
61 silly addNameRange     '0.13.3',
61 silly addNameRange     '0.14.0',
61 silly addNameRange     '0.14.1',
61 silly addNameRange     '0.15.0',
61 silly addNameRange     '0.15.1',
61 silly addNameRange     '1.0.0',
61 silly addNameRange     '1.0.1',
61 silly addNameRange     '1.0.2',
61 silly addNameRange     '1.0.3',
61 silly addNameRange     '1.0.4',
61 silly addNameRange     '1.1.0',
61 silly addNameRange     '1.1.1',
61 silly addNameRange     '1.1.2',
61 silly addNameRange     '1.1.3',
61 silly addNameRange     '1.2.0',
61 silly addNameRange     '1.3.0',
61 silly addNameRange     '2.0.0',
61 silly addNameRange     '2.1.0',
61 silly addNameRange     '2.2.0',
61 silly addNameRange     '2.3.0',
61 silly addNameRange     '2.3.1',
61 silly addNameRange     '2.4.0',
61 silly addNameRange     '2.5.0',
61 silly addNameRange     '2.5.1',
61 silly addNameRange     '2.6.0',
61 silly addNameRange     '2.6.1',
61 silly addNameRange     '2.6.2',
61 silly addNameRange     '2.7.0',
61 silly addNameRange     '2.8.0',
61 silly addNameRange     '2.8.1',
61 silly addNameRange     '2.8.2',
61 silly addNameRange     '2.8.3',
61 silly addNameRange     '2.8.4',
61 silly addNameRange     '2.8.5',
61 silly addNameRange     '2.9.0',
61 silly addNameRange     '2.10.0',
61 silly addNameRange     '2.11.0',
61 silly addNameRange     '2.11.1',
61 silly addNameRange     '3.0.2',
61 silly addNameRange     '3.0.3',
61 silly addNameRange     '3.1.0',
61 silly addNameRange     '3.2.0',
61 silly addNameRange     '3.3.0',
61 silly addNameRange     '3.4.0',
61 silly addNameRange     '3.4.1',
61 silly addNameRange     '3.4.2',
61 silly addNameRange     '3.4.3',
61 silly addNameRange     '3.4.4',
61 silly addNameRange     '3.4.5',
61 silly addNameRange     '3.5.0',
61 silly addNameRange     '3.6.0',
61 silly addNameRange     '4.0.0-beta2',
61 silly addNameRange     '3.6.1',
61 silly addNameRange     '3.6.2',
61 silly addNameRange     '3.6.3',
61 silly addNameRange     '4.0.0',
61 silly addNameRange     '4.1.0',
61 silly addNameRange     '4.1.1',
61 silly addNameRange     '4.2.0',
61 silly addNameRange     '4.3.0' ] ]
62 verbose addNamed [ 'pg', '4.3.0' ]
63 verbose addNamed [ '4.3.0', '4.3.0' ]
64 silly lockFile 7eff40c7-pg-4-3-0 pg@4.3.0
65 verbose lock pg@4.3.0 /home/student/.npm/7eff40c7-pg-4-3-0.lock
66 silly lockFile 7eff40c7-pg-4-3-0 pg@4.3.0
67 silly lockFile 7eff40c7-pg-4-3-0 pg@4.3.0
68 http 304 https://registry.npmjs.org/express
69 silly registry.get cb [ 304,
69 silly registry.get   { date: 'Fri, 29 May 2015 23:27:55 GMT',
69 silly registry.get     via: '1.1 varnish',
69 silly registry.get     'cache-control': 'max-age=60',
69 silly registry.get     etag: '"CJ7TXBUGOOZE81FS7DPSON22O"',
69 silly registry.get     age: '10',
69 silly registry.get     connection: 'keep-alive',
69 silly registry.get     'x-served-by': 'cache-jfk1021-JFK',
69 silly registry.get     'x-cache': 'HIT',
69 silly registry.get     'x-cache-hits': '1',
69 silly registry.get     'x-timer': 'S1432942075.353738,VS0,VE2',
69 silly registry.get     vary: 'Accept' } ]
70 verbose etag https://registry.npmjs.org/express from cache
71 silly lockFile 01fad40b-pg-4-x pg@4.x
72 silly lockFile 01fad40b-pg-4-x pg@4.x
73 silly lockFile 447230c4-express-lastest express@lastest
74 silly lockFile 447230c4-express-lastest express@lastest
75 error notarget No compatible version found: express@'lastest'
75 error notarget Valid install targets:
75 error notarget ["0.14.0","0.14.1","1.0.0","1.0.1","1.0.2","1.0.3","1.0.4","1.0.5","1.0.6","1.0.7","1.0.8","2.0.0","2.1.0","2.1.1","2.2.0","2.2.1","2.2.2","2.3.0","2.3.1","2.3.2","2.3.3","2.3.4","2.3.5","2.3.6","2.3.7","2.3.8","2.3.9","2.3.10","2.3.11","2.3.12","2.4.0","2.4.1","2.4.2","2.4.3","2.4.4","2.4.5","2.4.6","2.4.7","2.5.0","2.5.1","2.5.2","2.5.3","2.5.4","2.5.5","2.5.6","2.5.7","2.5.8","2.5.9","2.5.10","2.5.11","3.0.0","3.0.1","3.0.2","3.0.3","3.0.4","3.0.5","3.0.6","3.1.0","3.1.1","3.1.2","3.2.0","3.2.1","3.2.2","3.2.3","3.2.4","3.2.5","3.2.6","3.3.0","3.3.1","3.3.2","3.3.3","3.3.4","3.3.5","3.3.6","1.0.0-beta","1.0.0-beta2","1.0.0-rc","1.0.0-rc2","1.0.0-rc3","1.0.0-rc4","2.0.0-beta","2.0.0-beta2","2.0.0-beta3","2.0.0-rc","2.0.0-rc2","2.0.0-rc3","3.0.0-alpha1","3.0.0-alpha2","3.0.0-alpha3","3.0.0-alpha4","3.0.0-alpha5","3.0.0-beta1","3.0.0-beta2","3.0.0-beta3","3.0.0-beta4","3.0.0-beta6","3.0.0-beta7","3.0.0-rc1","3.0.0-rc2","3.0.0-rc3","3.0.0-rc4","3.0.0-rc5","3.3.7","3.3.8","3.4.0","3.4.1","3.4.2","3.4.3","3.4.4","3.4.5","3.4.6","3.4.7","3.4.8","4.0.0-rc1","4.0.0-rc2","3.5.0","4.0.0-rc3","4.0.0-rc4","3.5.1","4.0.0","3.5.2","4.1.0","4.1.1","3.5.3","4.1.2","3.6.0","4.2.0","3.7.0","3.8.0","4.3.0","4.3.1","3.8.1","4.3.2","3.9.0","4.4.0","4.4.1","3.10.0","3.10.1","3.10.2","3.10.3","3.10.4","4.4.2","3.10.5","4.4.3","3.11.0","4.4.4","3.12.0","3.12.1","4.4.5","3.13.0","4.5.0","4.5.1","3.14.0","4.6.0","4.6.1","3.15.0","4.7.0","3.15.1","4.7.1","3.15.2","4.7.2","4.7.3","3.15.3","4.7.4","3.16.0","4.8.0","3.16.1","4.8.1","3.16.2","4.8.2","3.16.3","3.16.4","4.8.3","3.16.5","3.16.6","4.8.4","3.16.7","4.8.5","3.16.8","4.8.6","3.16.9","4.8.7","3.16.10","4.8.8","3.17.0","3.17.1","4.9.0","3.17.2","4.9.1","4.9.2","3.17.3","4.9.3","3.17.4","4.9.4","3.17.5","4.9.5","3.17.6","3.17.7","4.9.6","4.9.7","3.17.8","4.9.8","3.18.0","3.18.1","4.10.0","3.18.2","4.10.1","5.0.0-alpha.1","3.18.3","4.10.2","3.18.4","4.10.3","4.10.4","4.10.5","3.18.5","3.18.6","4.10.6","4.10.7","3.19.0","4.10.8","4.11.0","3.19.1","4.11.1","3.19.2","4.11.2","3.20.0","4.12.0","3.20.1","4.12.1","4.12.2","3.20.2","4.12.3","3.20.3","4.12.4"]
75 error notarget
75 error notarget This is most likely not a problem with npm itself.
75 error notarget In most cases you or one of your dependencies are requesting
75 error notarget a package version that doesn't exist.
76 error System Linux 3.13.0-53-generic
77 error command "/usr/bin/node" "/usr/bin/npm" "install"
78 error cwd /home/student/team-inspire/code/express
79 error node -v v0.10.38
80 error npm -v 1.4.28
81 error code ETARGET
82 verbose exit [ 1, true ]
